2023-12-23 12:07:31 Loading main app package /tmp/.mount_ObsidimszXAX/resources/obsidian.asar
2023-12-23 12:07:35 Checking for update using Github
2023-12-23 12:07:37 Success.
2023-12-23 12:07:37 Latest version is 1.4.16
2023-12-23 12:07:37 App is up to date.
2023-12-23 13:07:31 Checking for update using Github
2023-12-23 13:07:32 Success.
2023-12-23 13:07:32 Latest version is 1.4.16
2023-12-23 13:07:32 App is up to date.
2024-01-20 16:34:58 Loading main app package /tmp/.mount_ObsidiMGkZou/resources/obsidian.asar
2024-01-20 16:35:03 Checking for update using Github
2024-01-20 16:35:04 Success.
2024-01-20 16:35:04 Latest version is 1.5.3
2024-01-20 16:35:04 Downloading update from https://github.com/obsidianmd/obsidian-releases/releases/download/v1.5.3/obsidian-1.5.3.asar.gz
2024-01-20 16:36:20 Verifying hash & signature. Size= 8515395
2024-01-20 16:36:20 Saving file
2024-01-20 16:36:21 Update complete.
2024-01-21 12:44:29 Loading updated app package /home/titan/.config/obsidian/obsidian-1.5.3.asar
2024-01-21 12:44:33 Checking for update using Github
2024-01-21 12:44:33 Failed to check for update using Github (net::ERR_INTERNET_DISCONNECTED)
2024-01-21 12:44:33 Checking for update using obsidian.md
2024-01-21 12:44:33 Failed to check for update using obsidian.md (net::ERR_INTERNET_DISCONNECTED)
2024-01-21 20:33:49 Checking for update using Github
2024-01-21 20:33:49 Success.
2024-01-21 20:33:49 Latest version is 1.5.3
2024-01-21 20:33:49 App is up to date.
2024-02-01 21:12:42 Loading updated app package /home/titan/.config/obsidian/obsidian-1.5.3.asar
2024-02-01 21:12:46 Checking for update using Github
2024-02-01 21:12:48 Success.
2024-02-01 21:12:48 Latest version is 1.5.3
2024-02-01 21:12:48 App is up to date.
2024-02-01 22:12:42 Checking for update using Github
2024-02-01 22:12:42 Success.
2024-02-01 22:12:42 Latest version is 1.5.3
2024-02-01 22:12:42 App is up to date.
2024-02-01 23:12:42 Checking for update using Github
2024-02-01 23:12:42 Success.
2024-02-01 23:12:42 Latest version is 1.5.3
2024-02-01 23:12:42 App is up to date.
2024-02-02 00:12:42 Checking for update using Github
2024-02-02 00:12:42 Success.
2024-02-02 00:12:42 Latest version is 1.5.3
2024-02-02 00:12:42 App is up to date.
